<?xml version="1.0" encoding="UTF-8"?>
<!-- Generated by org.testng.reporters.JUnitReportReporter -->
<testsuite skipped="0" hostname="Lenovo" name="org.parallel.execution.ParellelExecution1" tests="3" failures="0" timestamp="24 Apr 2021 04:43:25 GMT" time="0.046" errors="0">
  <testcase name="tc10" time="0.031" classname="org.parallel.execution.ParellelExecution1"/>
  <testcase name="tc11" time="0.000" classname="org.parallel.execution.ParellelExecution1"/>
  <testcase name="tc12" time="0.015" classname="org.parallel.execution.ParellelExecution1"/>
</testsuite> <!-- org.parallel.execution.ParellelExecution1 -->
