<?xml version="1.0" encoding="UTF-8"?>
<!-- Generated by org.testng.reporters.JUnitReportReporter -->
<testsuite skipped="0" hostname="Lenovo" name="org.parallel.execution.ParallelExecution2" tests="3" failures="0" timestamp="24 Apr 2021 04:43:25 GMT" time="0.094" errors="0">
  <testcase name="tc100" time="0.031" classname="org.parallel.execution.ParallelExecution2"/>
  <testcase name="tc101" time="0.016" classname="org.parallel.execution.ParallelExecution2"/>
  <testcase name="tc102" time="0.047" classname="org.parallel.execution.ParallelExecution2"/>
</testsuite> <!-- org.parallel.execution.ParallelExecution2 -->
