<?xml version="1.0" encoding="UTF-8"?>
<!-- Generated by org.testng.reporters.JUnitReportReporter -->
<testsuite skipped="0" hostname="Lenovo" name="org.parallel.execution.ParallelExecution" tests="4" failures="0" timestamp="24 Apr 2021 04:43:25 GMT" time="0.062" errors="0">
  <testcase name="tc4" time="0.000" classname="org.parallel.execution.ParallelExecution"/>
  <testcase name="tc3" time="0.000" classname="org.parallel.execution.ParallelExecution"/>
  <testcase name="tc2" time="0.031" classname="org.parallel.execution.ParallelExecution"/>
  <testcase name="tc1" time="0.031" classname="org.parallel.execution.ParallelExecution"/>
</testsuite> <!-- org.parallel.execution.ParallelExecution -->
