<?xml version="1.0" encoding="UTF-8"?>
<!-- Generated by org.testng.reporters.JUnitReportReporter -->
<testsuite skipped="0" hostname="Lenovo" name="or.testngclassdemo.TestNGClassDemo" tests="1" failures="0" timestamp="26 Apr 2021 05:16:21 GMT" time="0.015" errors="0">
  <testcase name="test1" time="0.015" classname="or.testngclassdemo.TestNGClassDemo"/>
</testsuite> <!-- or.testngclassdemo.TestNGClassDemo -->
