<?xml version="1.0" encoding="UTF-8"?>
<!-- Generated by org.testng.reporters.JUnitReportReporter -->
<testsuite skipped="0" hostname="Lenovo" name="or.testngclassdemo.BrowserLaunchTestNG" tests="1" failures="0" timestamp="20 Apr 2021 05:25:49 GMT" time="0.745" errors="0">
  <testcase name="test1" time="0.745" classname="or.testngclassdemo.BrowserLaunchTestNG"/>
</testsuite> <!-- or.testngclassdemo.BrowserLaunchTestNG -->
