<?xml version="1.0" encoding="UTF-8"?>
<!-- Generated by org.testng.reporters.JUnitReportReporter -->
<testsuite skipped="0" hostname="Lenovo" name="org.report.generating.ReportGenerating" tests="2" failures="0" timestamp="27 Apr 2021 04:39:11 GMT" time="3.427" errors="0">
  <testcase name="testCase0" time="0.733" classname="org.report.generating.ReportGenerating"/>
  <testcase name="testCase1" time="2.694" classname="org.report.generating.ReportGenerating"/>
</testsuite> <!-- org.report.generating.ReportGenerating -->
