<?xml version="1.0" encoding="UTF-8"?>
<!-- Generated by org.testng.reporters.JUnitReportReporter -->
<testsuite skipped="0" hostname="Lenovo" name="or.testngclassdemo.TaskTestNG" tests="1" failures="0" timestamp="21 Apr 2021 03:26:43 GMT" time="17.465" errors="0">
  <testcase name="test" time="17.465" classname="or.testngclassdemo.TaskTestNG"/>
</testsuite> <!-- or.testngclassdemo.TaskTestNG -->
